Using pre-set license
Built from '2021.2/staging' branch; Version is '2021.2.2f1 (5e2b1e92c7f8) revision 6171422'; Using compiler version '192829333'; Build Type 'Release'
OS: 'Windows 10 Pro; OS build 22000.434; Version 2009; 64bit' Language: 'en' Physical Memory: 32718 MB
BatchMode: 1, IsHumanControllingUs: 0, StartBugReporterOnCrash: 0, Is64bit: 1, IsPro: 0

COMMAND LINE ARGUMENTS:
C:\Program Files\Unity\Hub\Editor\2021.2.2f1\Editor\Unity.exe
-adb2
-batchMode
-noUpm
-name
AssetImportWorker4
-projectPath
C:/Users/alanw/Documents/GitHub/GES_App
-logFile
Logs/AssetImportWorker4.log
-srvPort
56002
Successfully changed project path to: C:/Users/alanw/Documents/GitHub/GES_App
C:/Users/alanw/Documents/GitHub/GES_App
[UnityMemory] Configuration Parameters - Can be set up in boot.config
    "memorysetup-bucket-allocator-granularity=16"
    "memorysetup-bucket-allocator-bucket-count=8"
    "memorysetup-bucket-allocator-block-size=33554432"
    "memorysetup-bucket-allocator-block-count=8"
    "memorysetup-main-allocator-block-size=16777216"
    "memorysetup-thread-allocator-block-size=16777216"
    "memorysetup-gfx-main-allocator-block-size=16777216"
    "memorysetup-gfx-thread-allocator-block-size=16777216"
    "memorysetup-cache-allocator-block-size=4194304"
    "memorysetup-typetree-allocator-block-size=2097152"
    "memorysetup-profiler-bucket-allocator-granularity=16"
    "memorysetup-profiler-bucket-allocator-bucket-count=8"
    "memorysetup-profiler-bucket-allocator-block-size=33554432"
    "memorysetup-profiler-bucket-allocator-block-count=8"
    "memorysetup-profiler-allocator-block-size=16777216"
    "memorysetup-profiler-editor-allocator-block-size=1048576"
    "memorysetup-temp-allocator-size-main=16777216"
    "memorysetup-job-temp-allocator-block-size=2097152"
    "memorysetup-job-temp-allocator-block-size-background=1048576"
    "memorysetup-job-temp-allocator-reduction-small-platforms=262144"
    "memorysetup-temp-allocator-size-background-worker=32768"
    "memorysetup-temp-allocator-size-job-worker=262144"
    "memorysetup-temp-allocator-size-preload-manager=33554432"
    "memorysetup-temp-allocator-size-nav-mesh-worker=65536"
    "memorysetup-temp-allocator-size-audio-worker=65536"
    "memorysetup-temp-allocator-size-cloud-worker=32768"
    "memorysetup-temp-allocator-size-gi-baking-worker=262144"
    "memorysetup-temp-allocator-size-gfx=262144"
Refreshing native plugins compatible for Editor in 95.06 ms, found 8 plugins.
Preloading 0 native plugins for Editor in 0.00 ms.
Initialize engine version: 2021.2.2f1 (5e2b1e92c7f8)
[Subsystems] Discovering subsystems at path C:/Program Files/Unity/Hub/Editor/2021.2.2f1/Editor/Data/Resources/UnitySubsystems
[Subsystems] Discovering subsystems at path C:/Users/alanw/Documents/GitHub/GES_App/Assets
GfxDevice: creating device client; threaded=0; jobified=0
Direct3D:
    Version:  Direct3D 11.0 [level 11.1]
    Renderer: NVIDIA GeForce GTX 1070 (ID=0x1b81)
    Vendor:   NVIDIA
    VRAM:     8088 MB
    Driver:   30.0.15.1123
Initialize mono
Mono path[0] = 'C:/Program Files/Unity/Hub/Editor/2021.2.2f1/Editor/Data/Managed'
Mono path[1] = 'C:/Program Files/Unity/Hub/Editor/2021.2.2f1/Editor/Data/MonoBleedingEdge/lib/mono/unityjit-win32'
Mono config path = 'C:/Program Files/Unity/Hub/Editor/2021.2.2f1/Editor/Data/MonoBleedingEdge/etc'
Using monoOptions --debugger-agent=transport=dt_socket,embedding=1,server=y,suspend=n,address=127.0.0.1:56340
Begin MonoManager ReloadAssembly
Registering precompiled unity dll's ...
Register platform support module: C:/Program Files/Unity/Hub/Editor/2021.2.2f1/Editor/Data/PlaybackEngines/WebGLSupport/UnityEditor.WebGL.Extensions.dll
Register platform support module: C:/Program Files/Unity/Hub/Editor/2021.2.2f1/Editor/Data/PlaybackEngines/WindowsStandaloneSupport/UnityEditor.WindowsStandalone.Extensions.dll
Registered in 0.004342 seconds.
Native extension for WindowsStandalone target not found
Native extension for WebGL target not found
Refreshing native plugins compatible for Editor in 98.71 ms, found 8 plugins.
Preloading 0 native plugins for Editor in 0.00 ms.
Mono: successfully reloaded assembly
- Completed reload, in  0.550 seconds
Domain Reload Profiling:
	ReloadAssembly (550ms)
		BeginReloadAssembly (57ms)
			ExecutionOrderSort (0ms)
			DisableScriptedObjects (0ms)
			BackupInstance (0ms)
			ReleaseScriptingObjects (0ms)
			CreateAndSetChildDomain (1ms)
		EndReloadAssembly (421ms)
			LoadAssemblies (56ms)
			RebuildTransferFunctionScriptingTraits (0ms)
			SetupTypeCache (87ms)
			ReleaseScriptCaches (0ms)
			RebuildScriptCaches (22ms)
			SetupLoadedEditorAssemblies (267ms)
				LogAssemblyErrors (0ms)
				InitializePlatformSupportModulesInManaged (12ms)
				SetLoadedEditorAssemblies (0ms)
				RefreshPlugins (99ms)
				BeforeProcessingInitializeOnLoad (1ms)
				ProcessInitializeOnLoadAttributes (117ms)
				ProcessInitializeOnLoadMethodAttributes (38ms)
				AfterProcessingInitializeOnLoad (0ms)
				EditorAssembliesLoaded (0ms)
			ExecutionOrderSort2 (0ms)
			AwakeInstancesAfterBackupRestoration (0ms)
Platform modules already initialized, skipping
Registering precompiled user dll's ...
Registered in 0.011826 seconds.
Begin MonoManager ReloadAssembly
Symbol file LoadedFromMemory doesn't match image C:\Users\alanw\Documents\GitHub\GES_App\Library\PackageCache\com.unity.visualscripting@1.7.5\Editor\VisualScripting.Core\Dependencies\DotNetZip\Unity.VisualScripting.IonicZip.dll
Symbol file LoadedFromMemory doesn't match image C:\Users\alanw\Documents\GitHub\GES_App\Library\PackageCache\com.unity.visualscripting@1.7.5\Editor\VisualScripting.Core\Dependencies\YamlDotNet\Unity.VisualScripting.YamlDotNet.dll
Native extension for WindowsStandalone target not found
Native extension for WebGL target not found
Refreshing native plugins compatible for Editor in 80.73 ms, found 8 plugins.
Preloading 0 native plugins for Editor in 0.00 ms.
Unable to write to 'ProjectSettings\GvhProjectSettings.xml' (System.IO.IOException: Sharing violation on path C:\Users\alanw\Documents\GitHub\GES_App\ProjectSettings\GvhProjectSettings.xml
  at System.IO.FileStream..ctor (System.String path, System.IO.FileMode mode, System.IO.FileAccess access, System.IO.FileShare share, System.Int32 bufferSize, System.Boolean anonymous, System.IO.FileOptions options) [0x0019e] in <c183552e59b24622ab6b4273bc2ea328>:0 
  at System.IO.FileStream..ctor (System.String path, System.IO.FileMode mode, System.IO.FileAccess access, System.IO.FileShare share, System.Int32 bufferSize, System.IO.FileOptions options) [0x00000] in <c183552e59b24622ab6b4273bc2ea328>:0 
  at System.IO.FileStream..ctor (System.String path, System.IO.FileMode mode, System.IO.FileAccess access, System.IO.FileShare share, System.Int32 bufferSize, System.Boolean useAsync) [0x00000] in <c183552e59b24622ab6b4273bc2ea328>:0 
  at (wrapper remoting-invoke-with-check) System.IO.FileStream..ctor(string,System.IO.FileMode,System.IO.FileAccess,System.IO.FileShare,int,bool)
  at System.Xml.XmlWriterSettings.CreateWriter (System.String outputFileName) [0x00051] in <1ff8de9752c54556a8f45c3ec566f8af>:0 
  at System.Xml.XmlWriter.Create (System.String outputFileName, System.Xml.XmlWriterSettings settings) [0x0000a] in <1ff8de9752c54556a8f45c3ec566f8af>:0 
  at Google.ProjectSettings.Save () [0x00095] in Z:\tmp\tmp.wzz20lkBKd\third_party\unity\unity_jar_resolver\source\VersionHandlerImpl\src\ProjectSettings.cs:826 , Project settings were not saved!
UnityEngine.StackTraceUtility:ExtractStackTrace ()
UnityEngine.DebugLogHandler:LogFormat (UnityEngine.LogType,UnityEngine.Object,string,object[])
UnityEngine.Logger:Log (UnityEngine.LogType,object)
UnityEngine.Debug:LogError (object)
Google.Logger:Log (string,Google.LogLevel) (at Z:/tmp/tmp.wzz20lkBKd/third_party/unity/unity_jar_resolver/source/VersionHandlerImpl/src/Logger.cs:136)
Google.ProjectSettings:Save () (at Z:/tmp/tmp.wzz20lkBKd/third_party/unity/unity_jar_resolver/source/VersionHandlerImpl/src/ProjectSettings.cs:842)
Google.ProjectSettings:SetBool (string,bool,Google.SettingsLocation) (at Z:/tmp/tmp.wzz20lkBKd/third_party/unity/unity_jar_resolver/source/VersionHandlerImpl/src/ProjectSettings.cs:484)
Google.ProjectSettings:SetBool (string,bool) (at Z:/tmp/tmp.wzz20lkBKd/third_party/unity/unity_jar_resolver/source/VersionHandlerImpl/src/ProjectSettings.cs:496)
Google.IOSResolver:set_VerboseLoggingEnabled (bool) (at Z:/tmp/tmp.kH4A9CRZhT/third_party/unity/unity_jar_resolver/source/IOSResolver/src/IOSResolver.cs:986)
Google.IOSResolver:.cctor () (at Z:/tmp/tmp.kH4A9CRZhT/third_party/unity/unity_jar_resolver/source/IOSResolver/src/IOSResolver.cs:689)
System.Runtime.CompilerServices.RuntimeHelpers:RunClassConstructor (System.RuntimeTypeHandle)
UnityEditor.EditorAssemblies:ProcessInitializeOnLoadAttributes (System.Type[])

(Filename: Z:/tmp/tmp.wzz20lkBKd/third_party/unity/unity_jar_resolver/source/VersionHandlerImpl/src/ProjectSettings.cs Line: 842)

Mono: successfully reloaded assembly
- Completed reload, in  1.539 seconds
Domain Reload Profiling:
	ReloadAssembly (1540ms)
		BeginReloadAssembly (144ms)
			ExecutionOrderSort (0ms)
			DisableScriptedObjects (5ms)
			BackupInstance (0ms)
			ReleaseScriptingObjects (0ms)
			CreateAndSetChildDomain (19ms)
		EndReloadAssembly (1306ms)
			LoadAssemblies (67ms)
			RebuildTransferFunctionScriptingTraits (0ms)
			SetupTypeCache (208ms)
			ReleaseScriptCaches (1ms)
			RebuildScriptCaches (48ms)
			SetupLoadedEditorAssemblies (882ms)
				LogAssemblyErrors (0ms)
				InitializePlatformSupportModulesInManaged (9ms)
				SetLoadedEditorAssemblies (0ms)
				RefreshPlugins (81ms)
				BeforeProcessingInitializeOnLoad (78ms)
				ProcessInitializeOnLoadAttributes (682ms)
				ProcessInitializeOnLoadMethodAttributes (26ms)
				AfterProcessingInitializeOnLoad (5ms)
				EditorAssembliesLoaded (0ms)
			ExecutionOrderSort2 (0ms)
			AwakeInstancesAfterBackupRestoration (5ms)
Platform modules already initialized, skipping
========================================================================
Worker process is ready to serve import requests
Launched and connected shader compiler UnityShaderCompiler.exe after 0.04 seconds
Refreshing native plugins compatible for Editor in 1.07 ms, found 8 plugins.
Preloading 0 native plugins for Editor in 0.00 ms.
Unloading 4004 Unused Serialized files (Serialized files now loaded: 0)
Unloading 128 unused Assets / (58.9 KB). Loaded Objects now: 4381.
Memory consumption went from 154.9 MB to 154.9 MB.
Total: 3.305100 ms (FindLiveObjects: 0.376900 ms CreateObjectMapping: 0.100600 ms MarkObjects: 2.743800 ms  DeleteObjects: 0.082600 ms)

AssetImportParameters requested are different than current active one (requested -> active):
  custom:video-decoder-ogg-theora: a1e56fd34408186e4bbccfd4996cb3dc -> 
  custom:container-muxer-webm: aa71ff27fc2769a1b78a27578f13a17b -> 
  custom:container-demuxer-webm: 4f35f7cbe854078d1ac9338744f61a02 -> 
  custom:video-encoder-webm-vp8: eb34c28f22e8b96e1ab97ce403110664 -> 
  custom:audio-encoder-webm-vorbis: bf7c407c2cedff20999df2af8eb42d56 -> 
  custom:framework-win-MediaFoundation: 216162199b28c13a410421893ffa2e32 -> 
  custom:container-demuxer-ogg: 62fdf1f143b41e24485cea50d1cbac27 -> 
  custom:video-decoder-webm-vp8: 9c59270c3fd7afecdb556c50c9e8de78 -> 
  custom:audio-decoder-ogg-vorbis: bf7c407c2cedff20999df2af8eb42d56 -> 
========================================================================
Received Import Request.
  Time since last request: 140228.795730 seconds.
  path: Assets/User Interface/AuthenticationButtons/email_disabled.png
  artifactKey: Guid(1c41151549d49d44ea6acfbaea417096) Importer(815301076,1909f56bfc062723c751e8b465ee728b)
Start importing Assets/User Interface/AuthenticationButtons/email_disabled.png using Guid(1c41151549d49d44ea6acfbaea417096) Importer(815301076,1909f56bfc062723c751e8b465ee728b)  -> (artifact id: 'f6444b228930afc8e7a16a38236c1e19') in 0.130417 seconds 
========================================================================
Received Import Request.
  Time since last request: 0.000023 seconds.
  path: Assets/User Interface/AuthenticationButtons/email_pressed.png
  artifactKey: Guid(f850862ed63ed7f4e8b51d7ddf4218ad) Importer(815301076,1909f56bfc062723c751e8b465ee728b)
Start importing Assets/User Interface/AuthenticationButtons/email_pressed.png using Guid(f850862ed63ed7f4e8b51d7ddf4218ad) Importer(815301076,1909f56bfc062723c751e8b465ee728b)  -> (artifact id: '90c682771b52179282ab0dc5b26e2353') in 0.015269 seconds 
========================================================================
Received Import Request.
  Time since last request: 70.825498 seconds.
  path: Assets/User Interface/AuthenticationButtons/email_normal.png
  artifactKey: Guid(0af3a0bf92bbe12449a4a13a5b185178) Importer(815301076,1909f56bfc062723c751e8b465ee728b)
Start importing Assets/User Interface/AuthenticationButtons/email_normal.png using Guid(0af3a0bf92bbe12449a4a13a5b185178) Importer(815301076,1909f56bfc062723c751e8b465ee728b)  -> (artifact id: '6e67b34df58827e94a9825f084f28b12') in 0.013616 seconds 
========================================================================
Received Import Request.
  Time since last request: 114.806446 seconds.
  path: Assets/User Interface/AuthenticationButtons/google_normal.png
  artifactKey: Guid(c9d00ffed62114b4b9ae12e68af34315) Importer(815301076,1909f56bfc062723c751e8b465ee728b)
Start importing Assets/User Interface/AuthenticationButtons/google_normal.png using Guid(c9d00ffed62114b4b9ae12e68af34315) Importer(815301076,1909f56bfc062723c751e8b465ee728b)  -> (artifact id: '79e6eec5fba9d7c1790afba6f9359f05') in 0.014282 seconds 
========================================================================
Received Import Request.
  Time since last request: 58.425370 seconds.
  path: Assets/User Interface/AuthenticationButtons/apple_normal.png
  artifactKey: Guid(4184811f53bdf5f488ef57cdcb01b51c) Importer(815301076,1909f56bfc062723c751e8b465ee728b)
Start importing Assets/User Interface/AuthenticationButtons/apple_normal.png using Guid(4184811f53bdf5f488ef57cdcb01b51c) Importer(815301076,1909f56bfc062723c751e8b465ee728b)  -> (artifact id: 'd63786d9abe1276975841d8b49c89b67') in 0.014501 seconds 
========================================================================
Received Import Request.
  Time since last request: 30.052544 seconds.
  path: Assets/User Interface/AuthenticationButtons/apple_normal.png
  artifactKey: Guid(4184811f53bdf5f488ef57cdcb01b51c) Importer(815301076,1909f56bfc062723c751e8b465ee728b)
Start importing Assets/User Interface/AuthenticationButtons/apple_normal.png using Guid(4184811f53bdf5f488ef57cdcb01b51c) Importer(815301076,1909f56bfc062723c751e8b465ee728b)  -> (artifact id: '7b3685b53e664372bdea39dcd9a77699') in 0.013426 seconds 
========================================================================
Received Import Request.
  Time since last request: 1466.410414 seconds.
  path: Assets/User Interface/AuthenticationButtons/apple_disabled.png
  artifactKey: Guid(88800f0ca441b30448bdf04726ec7868) Importer(815301076,1909f56bfc062723c751e8b465ee728b)
Start importing Assets/User Interface/AuthenticationButtons/apple_disabled.png using Guid(88800f0ca441b30448bdf04726ec7868) Importer(815301076,1909f56bfc062723c751e8b465ee728b)  -> (artifact id: 'aa8d9691e560df5d597b055c7f8f324f') in 0.018611 seconds 
========================================================================
Received Import Request.
  Time since last request: 0.000021 seconds.
  path: Assets/User Interface/AuthenticationButtons/email_hovered.png
  artifactKey: Guid(3791a5a45f8d0a24c858e52e851a045a) Importer(815301076,1909f56bfc062723c751e8b465ee728b)
Start importing Assets/User Interface/AuthenticationButtons/email_hovered.png using Guid(3791a5a45f8d0a24c858e52e851a045a) Importer(815301076,1909f56bfc062723c751e8b465ee728b)  -> (artifact id: '89ed3126a0320707e4f3d99eb1aedf18') in 0.014027 seconds 
========================================================================
Received Import Request.
  Time since last request: 0.000022 seconds.
  path: Assets/User Interface/AuthenticationButtons/google_pressed.png
  artifactKey: Guid(ee6ec04e8507c614287546b56831776e) Importer(815301076,1909f56bfc062723c751e8b465ee728b)
Start importing Assets/User Interface/AuthenticationButtons/google_pressed.png using Guid(ee6ec04e8507c614287546b56831776e) Importer(815301076,1909f56bfc062723c751e8b465ee728b)  -> (artifact id: '59645f23f84dd13e4340eb08a17e2d00') in 0.015988 seconds 
========================================================================
Received Import Request.
  Time since last request: 0.000026 seconds.
  path: Assets/User Interface/AuthenticationButtons/google_hover.png
  artifactKey: Guid(80682ac993861ff4eab6ab58fae4e6c3) Importer(815301076,1909f56bfc062723c751e8b465ee728b)
Start importing Assets/User Interface/AuthenticationButtons/google_hover.png using Guid(80682ac993861ff4eab6ab58fae4e6c3) Importer(815301076,1909f56bfc062723c751e8b465ee728b)  -> (artifact id: '67a2067fc7c253647424473a2b8cb6fa') in 0.018509 seconds 
Editor requested this worker to shutdown with reason: Scaling down because of idle timeout
AssetImportWorker is now disconnected from the server
Process exiting
Exiting without the bug reporter. Application will terminate with return code 0