Using pre-set license
Built from '2021.2/release' branch; Version is '2021.2.15f1 (3b8567f665bb) revision 3900775'; Using compiler version '192829333'; Build Type 'Release'
OS: 'Windows 11  (10.0.22000) 64bit Professional' Language: 'en' Physical Memory: 32689 MB
BatchMode: 1, IsHumanControllingUs: 0, StartBugReporterOnCrash: 0, Is64bit: 1, IsPro: 1

COMMAND LINE ARGUMENTS:
C:\Program Files\Unity\Hub\Editor\2021.2.15f1\Editor\Unity.exe
-adb2
-batchMode
-noUpm
-name
AssetImportWorker3
-projectPath
C:/Users/alanw/Documents/GitHub/GES_App
-logFile
Logs/AssetImportWorker3.log
-srvPort
55736
Successfully changed project path to: C:/Users/alanw/Documents/GitHub/GES_App
C:/Users/alanw/Documents/GitHub/GES_App
[UnityMemory] Configuration Parameters - Can be set up in boot.config
    "memorysetup-bucket-allocator-granularity=16"
    "memorysetup-bucket-allocator-bucket-count=8"
    "memorysetup-bucket-allocator-block-size=33554432"
    "memorysetup-bucket-allocator-block-count=8"
    "memorysetup-main-allocator-block-size=16777216"
    "memorysetup-thread-allocator-block-size=16777216"
    "memorysetup-gfx-main-allocator-block-size=16777216"
    "memorysetup-gfx-thread-allocator-block-size=16777216"
    "memorysetup-cache-allocator-block-size=4194304"
    "memorysetup-typetree-allocator-block-size=2097152"
    "memorysetup-profiler-bucket-allocator-granularity=16"
    "memorysetup-profiler-bucket-allocator-bucket-count=8"
    "memorysetup-profiler-bucket-allocator-block-size=33554432"
    "memorysetup-profiler-bucket-allocator-block-count=8"
    "memorysetup-profiler-allocator-block-size=16777216"
    "memorysetup-profiler-editor-allocator-block-size=1048576"
    "memorysetup-temp-allocator-size-main=16777216"
    "memorysetup-job-temp-allocator-block-size=2097152"
    "memorysetup-job-temp-allocator-block-size-background=1048576"
    "memorysetup-job-temp-allocator-reduction-small-platforms=262144"
    "memorysetup-temp-allocator-size-background-worker=32768"
    "memorysetup-temp-allocator-size-job-worker=262144"
    "memorysetup-temp-allocator-size-preload-manager=33554432"
    "memorysetup-temp-allocator-size-nav-mesh-worker=65536"
    "memorysetup-temp-allocator-size-audio-worker=65536"
    "memorysetup-temp-allocator-size-cloud-worker=32768"
    "memorysetup-temp-allocator-size-gi-baking-worker=262144"
    "memorysetup-temp-allocator-size-gfx=262144"
Refreshing native plugins compatible for Editor in 110.85 ms, found 11 plugins.
Preloading 0 native plugins for Editor in 0.00 ms.
Initialize engine version: 2021.2.15f1 (3b8567f665bb)
[Subsystems] Discovering subsystems at path C:/Program Files/Unity/Hub/Editor/2021.2.15f1/Editor/Data/Resources/UnitySubsystems
[Subsystems] Discovering subsystems at path C:/Users/alanw/Documents/GitHub/GES_App/Assets
GfxDevice: creating device client; threaded=0; jobified=0
Direct3D:
    Version:  Direct3D 11.0 [level 11.1]
    Renderer: NVIDIA GeForce GTX 1070 (ID=0x1b81)
    Vendor:   NVIDIA
    VRAM:     8088 MB
    Driver:   31.0.15.1694
Initialize mono
Mono path[0] = 'C:/Program Files/Unity/Hub/Editor/2021.2.15f1/Editor/Data/Managed'
Mono path[1] = 'C:/Program Files/Unity/Hub/Editor/2021.2.15f1/Editor/Data/MonoBleedingEdge/lib/mono/unityjit-win32'
Mono config path = 'C:/Program Files/Unity/Hub/Editor/2021.2.15f1/Editor/Data/MonoBleedingEdge/etc'
Using monoOptions --debugger-agent=transport=dt_socket,embedding=1,server=y,suspend=n,address=127.0.0.1:56048
Begin MonoManager ReloadAssembly
Registering precompiled unity dll's ...
Register platform support module: C:/Program Files/Unity/Hub/Editor/2021.2.15f1/Editor/Data/PlaybackEngines/WebGLSupport/UnityEditor.WebGL.Extensions.dll
Register platform support module: C:/Program Files/Unity/Hub/Editor/2021.2.15f1/Editor/Data/PlaybackEngines/AndroidPlayer/UnityEditor.Android.Extensions.dll
Register platform support module: C:/Program Files/Unity/Hub/Editor/2021.2.15f1/Editor/Data/PlaybackEngines/iOSSupport/UnityEditor.iOS.Extensions.dll
Register platform support module: C:/Program Files/Unity/Hub/Editor/2021.2.15f1/Editor/Data/PlaybackEngines/WindowsStandaloneSupport/UnityEditor.WindowsStandalone.Extensions.dll
Registered in 0.008216 seconds.
Native extension for WindowsStandalone target not found
[usbmuxd] Start listen thread
[usbmuxd] Listen thread started
Native extension for iOS target not found
Native extension for Android target not found
Native extension for WebGL target not found
Refreshing native plugins compatible for Editor in 101.48 ms, found 11 plugins.
Preloading 0 native plugins for Editor in 0.00 ms.
Mono: successfully reloaded assembly
- Completed reload, in  0.738 seconds
Domain Reload Profiling:
	ReloadAssembly (738ms)
		BeginReloadAssembly (84ms)
			ExecutionOrderSort (0ms)
			DisableScriptedObjects (0ms)
			BackupInstance (0ms)
			ReleaseScriptingObjects (0ms)
			CreateAndSetChildDomain (1ms)
		EndReloadAssembly (531ms)
			LoadAssemblies (82ms)
			RebuildTransferFunctionScriptingTraits (0ms)
			SetupTypeCache (113ms)
			ReleaseScriptCaches (0ms)
			RebuildScriptCaches (29ms)
			SetupLoadedEditorAssemblies (330ms)
				LogAssemblyErrors (0ms)
				InitializePlatformSupportModulesInManaged (72ms)
				SetLoadedEditorAssemblies (0ms)
				RefreshPlugins (102ms)
				BeforeProcessingInitializeOnLoad (1ms)
				ProcessInitializeOnLoadAttributes (106ms)
				ProcessInitializeOnLoadMethodAttributes (49ms)
				AfterProcessingInitializeOnLoad (0ms)
				EditorAssembliesLoaded (0ms)
			ExecutionOrderSort2 (0ms)
			AwakeInstancesAfterBackupRestoration (0ms)
Platform modules already initialized, skipping
Registering precompiled user dll's ...
Registered in 0.017349 seconds.
Begin MonoManager ReloadAssembly
Symbol file LoadedFromMemory doesn't match image C:\Users\alanw\Documents\GitHub\GES_App\Library\PackageCache\com.unity.visualscripting@1.7.8\Editor\VisualScripting.Core\Dependencies\DotNetZip\Unity.VisualScripting.IonicZip.dll
Symbol file LoadedFromMemory doesn't match image C:\Users\alanw\Documents\GitHub\GES_App\Library\PackageCache\com.unity.visualscripting@1.7.8\Editor\VisualScripting.Core\Dependencies\YamlDotNet\Unity.VisualScripting.YamlDotNet.dll
Native extension for WindowsStandalone target not found
Native extension for iOS target not found
Native extension for Android target not found
Native extension for WebGL target not found
Refreshing native plugins compatible for Editor in 113.15 ms, found 11 plugins.
Preloading 0 native plugins for Editor in 0.00 ms.
System.IO.IOException: Sharing violation on path C:\Users\alanw\Documents\GitHub\GES_App\ProjectSettings\GvhProjectSettings.xml
  at System.IO.FileStream..ctor (System.String path, System.IO.FileMode mode, System.IO.FileAccess access, System.IO.FileShare share, System.Int32 bufferSize, System.Boolean anonymous, System.IO.FileOptions options) [0x0019e] in <feaaa6313e32495d9f259b175aa6b597>:0 
  at System.IO.FileStream..ctor (System.String path, System.IO.FileMode mode, System.IO.FileAccess access, System.IO.FileShare share, System.Int32 bufferSize, System.IO.FileOptions options) [0x00000] in <feaaa6313e32495d9f259b175aa6b597>:0 
  at (wrapper remoting-invoke-with-check) System.IO.FileStream..ctor(string,System.IO.FileMode,System.IO.FileAccess,System.IO.FileShare,int,System.IO.FileOptions)
  at System.IO.StreamReader..ctor (System.String path, System.Text.Encoding encoding, System.Boolean detectEncodingFromByteOrderMarks, System.Int32 bufferSize) [0x00055] in <feaaa6313e32495d9f259b175aa6b597>:0 
  at System.IO.StreamReader..ctor (System.String path, System.Boolean detectEncodingFromByteOrderMarks) [0x00007] in <feaaa6313e32495d9f259b175aa6b597>:0 
  at System.IO.StreamReader..ctor (System.String path) [0x00000] in <feaaa6313e32495d9f259b175aa6b597>:0 
  at (wrapper remoting-invoke-with-check) System.IO.StreamReader..ctor(string)
  at Google.XmlUtilities.ParseXmlTextFileElements (System.String filename, Google.Logger logger, Google.XmlUtilities+ParseElement parseElement) [0x0000f] in Z:\tmp\tmp.wzz20lkBKd\third_party\unity\unity_jar_resolver\source\VersionHandlerImpl\src\XmlUtilities.cs:104 
  at Google.ProjectSettings.Load () [0x00012] in Z:\tmp\tmp.wzz20lkBKd\third_party\unity\unity_jar_resolver\source\VersionHandlerImpl\src\ProjectSettings.cs:776 
  at Google.ProjectSettings.LoadIfEmpty () [0x0001b] in Z:\tmp\tmp.wzz20lkBKd\third_party\unity\unity_jar_resolver\source\VersionHandlerImpl\src\ProjectSettings.cs:557 
  at Google.ProjectSettings.GetBool (System.String name, System.Boolean defaultValue, Google.SettingsLocation location) [0x0002b] in Z:\tmp\tmp.wzz20lkBKd\third_party\unity\unity_jar_resolver\source\VersionHandlerImpl\src\ProjectSettings.cs:605 
  at Google.ProjectSettings.GetBool (System.String name, System.Boolean defaultValue) [0x00000] in Z:\tmp\tmp.wzz20lkBKd\third_party\unity\unity_jar_resolver\source\VersionHandlerImpl\src\ProjectSettings.cs:618 
  at Google.IOSResolver.get_VerboseLoggingEnabled () [0x00000] in Z:\tmp\tmp.kH4A9CRZhT\third_party\unity\unity_jar_resolver\source\IOSResolver\src\IOSResolver.cs:984 
  at Google.IOSResolver..cctor () [0x001ec] in Z:\tmp\tmp.kH4A9CRZhT\third_party\unity\unity_jar_resolver\source\IOSResolver\src\IOSResolver.cs:689 
UnityEngine.StackTraceUtility:ExtractStackTrace ()
UnityEngine.DebugLogHandler:LogFormat (UnityEngine.LogType,UnityEngine.Object,string,object[])
UnityEngine.Logger:Log (UnityEngine.LogType,object)
UnityEngine.Debug:LogError (object)
UnityEditor.EditorAssemblies:ProcessInitializeOnLoadAttributes (System.Type[])

Mono: successfully reloaded assembly
- Completed reload, in  2.083 seconds
Domain Reload Profiling:
	ReloadAssembly (2084ms)
		BeginReloadAssembly (226ms)
			ExecutionOrderSort (0ms)
			DisableScriptedObjects (6ms)
			BackupInstance (0ms)
			ReleaseScriptingObjects (0ms)
			CreateAndSetChildDomain (124ms)
		EndReloadAssembly (1725ms)
			LoadAssemblies (95ms)
			RebuildTransferFunctionScriptingTraits (0ms)
			SetupTypeCache (280ms)
			ReleaseScriptCaches (1ms)
			RebuildScriptCaches (72ms)
			SetupLoadedEditorAssemblies (1221ms)
				LogAssemblyErrors (0ms)
				InitializePlatformSupportModulesInManaged (31ms)
				SetLoadedEditorAssemblies (0ms)
				RefreshPlugins (113ms)
				BeforeProcessingInitializeOnLoad (111ms)
				ProcessInitializeOnLoadAttributes (911ms)
				ProcessInitializeOnLoadMethodAttributes (47ms)
				AfterProcessingInitializeOnLoad (8ms)
				EditorAssembliesLoaded (0ms)
			ExecutionOrderSort2 (0ms)
			AwakeInstancesAfterBackupRestoration (5ms)
Platform modules already initialized, skipping
========================================================================
Worker process is ready to serve import requests
Launched and connected shader compiler UnityShaderCompiler.exe after 0.06 seconds
Refreshing native plugins compatible for Editor in 1.26 ms, found 11 plugins.
Preloading 0 native plugins for Editor in 0.00 ms.
Unloading 4130 Unused Serialized files (Serialized files now loaded: 0)
Unloading 80 unused Assets / (57.4 KB). Loaded Objects now: 4558.
Memory consumption went from 157.9 MB to 157.8 MB.
Total: 4.647600 ms (FindLiveObjects: 0.664300 ms CreateObjectMapping: 0.124600 ms MarkObjects: 3.710800 ms  DeleteObjects: 0.145500 ms)

AssetImportParameters requested are different than current active one (requested -> active):
  custom:video-decoder-ogg-theora: a1e56fd34408186e4bbccfd4996cb3dc -> 
  custom:container-muxer-webm: aa71ff27fc2769a1b78a27578f13a17b -> 
  custom:container-demuxer-webm: 4f35f7cbe854078d1ac9338744f61a02 -> 
  custom:video-encoder-webm-vp8: eb34c28f22e8b96e1ab97ce403110664 -> 
  custom:audio-encoder-webm-vorbis: bf7c407c2cedff20999df2af8eb42d56 -> 
  custom:framework-win-MediaFoundation: 216162199b28c13a410421893ffa2e32 -> 
  custom:container-demuxer-ogg: 62fdf1f143b41e24485cea50d1cbac27 -> 
  custom:video-decoder-webm-vp8: 9c59270c3fd7afecdb556c50c9e8de78 -> 
  custom:audio-decoder-ogg-vorbis: bf7c407c2cedff20999df2af8eb42d56 -> 
========================================================================
Received Import Request.
  Time since last request: 773730.519288 seconds.
  path: Assets/User Interface/Icons/icon_theme14_80.png
  artifactKey: Guid(6e967a631fb824f689d20359688253a0) Importer(815301076,1909f56bfc062723c751e8b465ee728b)
Start importing Assets/User Interface/Icons/icon_theme14_80.png using Guid(6e967a631fb824f689d20359688253a0) Importer(815301076,1909f56bfc062723c751e8b465ee728b)  -> (artifact id: '1b9a83fbca06f9e02d458617b0b3a3e5') in 0.167660 seconds 
========================================================================
Received Import Request.
  Time since last request: 0.000025 seconds.
  path: Assets/User Interface/Icons/icon_theme14_5.png
  artifactKey: Guid(574e1c53eec5740f2ad6631da44b359b) Importer(815301076,1909f56bfc062723c751e8b465ee728b)
Start importing Assets/User Interface/Icons/icon_theme14_5.png using Guid(574e1c53eec5740f2ad6631da44b359b) Importer(815301076,1909f56bfc062723c751e8b465ee728b)  -> (artifact id: 'ee2a452718b13a9076a70523b33fc1b9') in 0.178687 seconds 
========================================================================
Received Import Request.
  Time since last request: 0.000033 seconds.
  path: Assets/User Interface/button_pressed.png
  artifactKey: Guid(2a6c56eba89ef85448f5e2ba4675710b) Importer(815301076,1909f56bfc062723c751e8b465ee728b)
Start importing Assets/User Interface/button_pressed.png using Guid(2a6c56eba89ef85448f5e2ba4675710b) Importer(815301076,1909f56bfc062723c751e8b465ee728b)  -> (artifact id: '5901c3535d05db742df8cee84593854e') in 0.027416 seconds 
========================================================================
Received Import Request.
  Time since last request: 0.000038 seconds.
  path: Assets/User Interface/Icons/icon_theme14_33.png
  artifactKey: Guid(27affb57cf924437388debf397616338) Importer(815301076,1909f56bfc062723c751e8b465ee728b)
Start importing Assets/User Interface/Icons/icon_theme14_33.png using Guid(27affb57cf924437388debf397616338) Importer(815301076,1909f56bfc062723c751e8b465ee728b)  -> (artifact id: '1522594a92ab480feb0e9d7e676e55dc') in 0.025580 seconds 
========================================================================
Received Import Request.
  Time since last request: 0.000032 seconds.
  path: Assets/User Interface/Icons/icon_theme14_73.png
  artifactKey: Guid(dd1641a783573477793445220bde0d2c) Importer(815301076,1909f56bfc062723c751e8b465ee728b)
Start importing Assets/User Interface/Icons/icon_theme14_73.png using Guid(dd1641a783573477793445220bde0d2c) Importer(815301076,1909f56bfc062723c751e8b465ee728b)  -> (artifact id: 'ee98524948ae1ce5bd85111d88ebf0a4') in 0.020446 seconds 
========================================================================
Received Import Request.
  Time since last request: 0.000047 seconds.
  path: Assets/User Interface/Icons/icon_theme14_66.png
  artifactKey: Guid(ff58010ddc69f4479b97dfd5b33f0618) Importer(815301076,1909f56bfc062723c751e8b465ee728b)
Start importing Assets/User Interface/Icons/icon_theme14_66.png using Guid(ff58010ddc69f4479b97dfd5b33f0618) Importer(815301076,1909f56bfc062723c751e8b465ee728b)  -> (artifact id: 'f84b7beff17ed3f701a84d9a8e29444f') in 0.020059 seconds 
========================================================================
Received Import Request.
  Time since last request: 0.000036 seconds.
  path: Assets/User Interface/AuthenticationButtons/apple_hovered.png
  artifactKey: Guid(0f66935cb97d6ed4e86c85f6f0253fcb) Importer(815301076,1909f56bfc062723c751e8b465ee728b)
Start importing Assets/User Interface/AuthenticationButtons/apple_hovered.png using Guid(0f66935cb97d6ed4e86c85f6f0253fcb) Importer(815301076,1909f56bfc062723c751e8b465ee728b)  -> (artifact id: '184e0033e6f7e0a7108cf3df634883e5') in 0.019513 seconds 
========================================================================
Received Import Request.
  Time since last request: 0.000041 seconds.
  path: Assets/User Interface/Icons/icon_theme14_123.png
  artifactKey: Guid(59cb6ed1608fc4b8d96a371bcc54625c) Importer(815301076,1909f56bfc062723c751e8b465ee728b)
Start importing Assets/User Interface/Icons/icon_theme14_123.png using Guid(59cb6ed1608fc4b8d96a371bcc54625c) Importer(815301076,1909f56bfc062723c751e8b465ee728b)  -> (artifact id: 'bcf00f515adf514c47f17ddc60bfb9b8') in 0.025320 seconds 
========================================================================
Received Import Request.
  Time since last request: 0.000026 seconds.
  path: Assets/User Interface/Icons/icon_theme14_31.png
  artifactKey: Guid(7c7bcb7a9cb9149989808675b6b6fb78) Importer(815301076,1909f56bfc062723c751e8b465ee728b)
Start importing Assets/User Interface/Icons/icon_theme14_31.png using Guid(7c7bcb7a9cb9149989808675b6b6fb78) Importer(815301076,1909f56bfc062723c751e8b465ee728b)  -> (artifact id: '9deb352aba27aed4b4579d7e047af0a2') in 0.025449 seconds 
========================================================================
Received Import Request.
  Time since last request: 0.000028 seconds.
  path: Assets/User Interface/Icons/icon_theme14_9.png
  artifactKey: Guid(529579c3920774ef8b068d6663319e51) Importer(815301076,1909f56bfc062723c751e8b465ee728b)
Start importing Assets/User Interface/Icons/icon_theme14_9.png using Guid(529579c3920774ef8b068d6663319e51) Importer(815301076,1909f56bfc062723c751e8b465ee728b)  -> (artifact id: '26d7164f15d74b92d117f6c7310faa6c') in 0.025459 seconds 
========================================================================
Received Import Request.
  Time since last request: 0.000025 seconds.
  path: Assets/User Interface/AuthenticationButtons/email_normal.png
  artifactKey: Guid(0af3a0bf92bbe12449a4a13a5b185178) Importer(815301076,1909f56bfc062723c751e8b465ee728b)
Start importing Assets/User Interface/AuthenticationButtons/email_normal.png using Guid(0af3a0bf92bbe12449a4a13a5b185178) Importer(815301076,1909f56bfc062723c751e8b465ee728b)  -> (artifact id: 'ffba9258a085268f2096ab356440d065') in 0.017885 seconds 
========================================================================
Received Import Request.
  Time since last request: 0.000035 seconds.
  path: Assets/User Interface/AuthenticationButtons/signout_pressed.png
  artifactKey: Guid(d9496461bdf9b394baf8639ad291ee60) Importer(815301076,1909f56bfc062723c751e8b465ee728b)
Start importing Assets/User Interface/AuthenticationButtons/signout_pressed.png using Guid(d9496461bdf9b394baf8639ad291ee60) Importer(815301076,1909f56bfc062723c751e8b465ee728b)  -> (artifact id: '075408e8a0ef82317f42ac6e6dbabe59') in 0.025478 seconds 
========================================================================
Received Import Request.
  Time since last request: 0.000037 seconds.
  path: Assets/User Interface/AuthenticationButtons/google_normal.png
  artifactKey: Guid(c9d00ffed62114b4b9ae12e68af34315) Importer(815301076,1909f56bfc062723c751e8b465ee728b)
Start importing Assets/User Interface/AuthenticationButtons/google_normal.png using Guid(c9d00ffed62114b4b9ae12e68af34315) Importer(815301076,1909f56bfc062723c751e8b465ee728b)  -> (artifact id: '9138915ebdd9c77c290ba953d9657ddd') in 0.020024 seconds 
========================================================================
Received Import Request.
  Time since last request: 0.000037 seconds.
  path: Assets/User Interface/Icons/icon_theme14_109.png
  artifactKey: Guid(6407e08f18cc34160ada8a6096aa51e0) Importer(815301076,1909f56bfc062723c751e8b465ee728b)
Start importing Assets/User Interface/Icons/icon_theme14_109.png using Guid(6407e08f18cc34160ada8a6096aa51e0) Importer(815301076,1909f56bfc062723c751e8b465ee728b)  -> (artifact id: '3d0ccfb4b3d191f673b58efb350b63a3') in 0.025088 seconds 
========================================================================
Received Import Request.
  Time since last request: 0.000030 seconds.
  path: Assets/User Interface/Icons/icon_theme14_51.png
  artifactKey: Guid(a3b06b72842e245be8875173eb906caa) Importer(815301076,1909f56bfc062723c751e8b465ee728b)
Start importing Assets/User Interface/Icons/icon_theme14_51.png using Guid(a3b06b72842e245be8875173eb906caa) Importer(815301076,1909f56bfc062723c751e8b465ee728b)  -> (artifact id: '8923b1f590bd620b8e46a7970a22390c') in 0.026861 seconds 
========================================================================
Received Import Request.
  Time since last request: 0.000027 seconds.
  path: Assets/User Interface/Icons/icon_theme14_2.png
  artifactKey: Guid(0c65249375c46450cb1751333d829621) Importer(815301076,1909f56bfc062723c751e8b465ee728b)
Start importing Assets/User Interface/Icons/icon_theme14_2.png using Guid(0c65249375c46450cb1751333d829621) Importer(815301076,1909f56bfc062723c751e8b465ee728b)  -> (artifact id: '279ccd2486e37e38d74db1177fc15607') in 0.021984 seconds 
========================================================================
Received Import Request.
  Time since last request: 0.000028 seconds.
  path: Assets/User Interface/Icons/icon_theme14_59.png
  artifactKey: Guid(9679845dfdece41c4aa50c2d04826cd2) Importer(815301076,1909f56bfc062723c751e8b465ee728b)
Start importing Assets/User Interface/Icons/icon_theme14_59.png using Guid(9679845dfdece41c4aa50c2d04826cd2) Importer(815301076,1909f56bfc062723c751e8b465ee728b)  -> (artifact id: 'ed4a65a624da694062740bd4ebfa8426') in 0.022848 seconds 
========================================================================
Received Import Request.
  Time since last request: 0.000027 seconds.
  path: Assets/Sprites/Collapse.png
  artifactKey: Guid(afd72cb7636bbf547b52e16a723706a5) Importer(815301076,1909f56bfc062723c751e8b465ee728b)
Start importing Assets/Sprites/Collapse.png using Guid(afd72cb7636bbf547b52e16a723706a5) Importer(815301076,1909f56bfc062723c751e8b465ee728b)  -> (artifact id: '89170d6266c0a332a3ecd277634caa66') in 0.027946 seconds 
========================================================================
Received Import Request.
  Time since last request: 0.000034 seconds.
  path: Assets/User Interface/Icons/icon_theme14_144.png
  artifactKey: Guid(02e95d774677d4504a30d7666cc52f81) Importer(815301076,1909f56bfc062723c751e8b465ee728b)
Start importing Assets/User Interface/Icons/icon_theme14_144.png using Guid(02e95d774677d4504a30d7666cc52f81) Importer(815301076,1909f56bfc062723c751e8b465ee728b)  -> (artifact id: '1a9530a05746b208e3b59075716fb10c') in 0.024660 seconds 
========================================================================
Received Import Request.
  Time since last request: 0.000042 seconds.
  path: Assets/User Interface/Icons/icon_theme14_15.png
  artifactKey: Guid(a355c92a60acc4182836092884ec4771) Importer(815301076,1909f56bfc062723c751e8b465ee728b)
Start importing Assets/User Interface/Icons/icon_theme14_15.png using Guid(a355c92a60acc4182836092884ec4771) Importer(815301076,1909f56bfc062723c751e8b465ee728b)  -> (artifact id: '9127cef36e41b1845ce2e0f7b2c86e9c') in 0.022621 seconds 
========================================================================
Received Import Request.
  Time since last request: 0.000037 seconds.
  path: Assets/User Interface/AuthenticationButtons/login_pressed.png
  artifactKey: Guid(2ca92f60ce62bfd4ca31eeb459283f2a) Importer(815301076,1909f56bfc062723c751e8b465ee728b)
Start importing Assets/User Interface/AuthenticationButtons/login_pressed.png using Guid(2ca92f60ce62bfd4ca31eeb459283f2a) Importer(815301076,1909f56bfc062723c751e8b465ee728b)  -> (artifact id: '4d7c7ffded20829399fdc6b01463adaf') in 0.023121 seconds 
========================================================================
Received Import Request.
  Time since last request: 0.000022 seconds.
  path: Assets/User Interface/AuthenticationButtons/continue_disabled.png
  artifactKey: Guid(5ab9eea9f7a3ee241add03a54dd4f499) Importer(815301076,1909f56bfc062723c751e8b465ee728b)
Start importing Assets/User Interface/AuthenticationButtons/continue_disabled.png using Guid(5ab9eea9f7a3ee241add03a54dd4f499) Importer(815301076,1909f56bfc062723c751e8b465ee728b)  -> (artifact id: 'c84e9c1fcddfadc8c61dcf42d120916f') in 0.026889 seconds 
========================================================================
Received Import Request.
  Time since last request: 0.000032 seconds.
  path: Assets/User Interface/Icons/icon_theme14_141.png
  artifactKey: Guid(bcde2479a70be46afab01a0d9e13e6b5) Importer(815301076,1909f56bfc062723c751e8b465ee728b)
Start importing Assets/User Interface/Icons/icon_theme14_141.png using Guid(bcde2479a70be46afab01a0d9e13e6b5) Importer(815301076,1909f56bfc062723c751e8b465ee728b)  -> (artifact id: 'c8aa8585086e8578ff239f1c7642126c') in 0.026518 seconds 
========================================================================
Received Import Request.
  Time since last request: 0.000030 seconds.
  path: Assets/User Interface/Icons/icon_theme14_113.png
  artifactKey: Guid(c54193c01842b43d29062de884d8300a) Importer(815301076,1909f56bfc062723c751e8b465ee728b)
Start importing Assets/User Interface/Icons/icon_theme14_113.png using Guid(c54193c01842b43d29062de884d8300a) Importer(815301076,1909f56bfc062723c751e8b465ee728b)  -> (artifact id: 'd85afaaccd385cc2b8329c88ec22d8f0') in 0.024963 seconds 
========================================================================
Received Import Request.
  Time since last request: 0.000031 seconds.
  path: Assets/User Interface/Icons/icon_theme14_71.png
  artifactKey: Guid(c25d5194de66840a0a574070fc851e1b) Importer(815301076,1909f56bfc062723c751e8b465ee728b)
Start importing Assets/User Interface/Icons/icon_theme14_71.png using Guid(c25d5194de66840a0a574070fc851e1b) Importer(815301076,1909f56bfc062723c751e8b465ee728b)  -> (artifact id: '167f69896df8561a7597104ed38c4e53') in 0.026431 seconds 
========================================================================
Received Import Request.
  Time since last request: 0.000039 seconds.
  path: Assets/User Interface/Icons/icon_theme14_106.png
  artifactKey: Guid(b1b96d9f23bfc4a83bdefee034cce0be) Importer(815301076,1909f56bfc062723c751e8b465ee728b)
Start importing Assets/User Interface/Icons/icon_theme14_106.png using Guid(b1b96d9f23bfc4a83bdefee034cce0be) Importer(815301076,1909f56bfc062723c751e8b465ee728b)  -> (artifact id: 'ad23e63eae10a8800234d0192d2be7fa') in 0.022516 seconds 
========================================================================
Received Import Request.
  Time since last request: 0.000034 seconds.
  path: Assets/User Interface/AuthenticationButtons/cancel_disabled.png
  artifactKey: Guid(71d66631ba6db804b9d568a412268d17) Importer(815301076,1909f56bfc062723c751e8b465ee728b)
Start importing Assets/User Interface/AuthenticationButtons/cancel_disabled.png using Guid(71d66631ba6db804b9d568a412268d17) Importer(815301076,1909f56bfc062723c751e8b465ee728b)  -> (artifact id: 'a1406649fad440a2a63f6789fc506dd3') in 0.023795 seconds 
========================================================================
Received Import Request.
  Time since last request: 0.000033 seconds.
  path: Assets/User Interface/Icons/icon_theme14_91.png
  artifactKey: Guid(7ad644a4be9584344bfeffa121336071) Importer(815301076,1909f56bfc062723c751e8b465ee728b)
Start importing Assets/User Interface/Icons/icon_theme14_91.png using Guid(7ad644a4be9584344bfeffa121336071) Importer(815301076,1909f56bfc062723c751e8b465ee728b)  -> (artifact id: 'b72ebd0e687208fd716bf937a0e729b6') in 0.022429 seconds 
========================================================================
Received Import Request.
  Time since last request: 0.000042 seconds.
  path: Assets/User Interface/Icons/icon_theme14_90.png
  artifactKey: Guid(0cbb20fd2fe1246d7bf800a4274630a2) Importer(815301076,1909f56bfc062723c751e8b465ee728b)
Start importing Assets/User Interface/Icons/icon_theme14_90.png using Guid(0cbb20fd2fe1246d7bf800a4274630a2) Importer(815301076,1909f56bfc062723c751e8b465ee728b)  -> (artifact id: 'db115892b35f1c82ec905f1e83ad6396') in 0.023036 seconds 
========================================================================
Received Import Request.
  Time since last request: 0.000032 seconds.
  path: Assets/User Interface/Icons/icon_theme14_133.png
  artifactKey: Guid(360fbca563d5f405ba57645980c9d09f) Importer(815301076,1909f56bfc062723c751e8b465ee728b)
Start importing Assets/User Interface/Icons/icon_theme14_133.png using Guid(360fbca563d5f405ba57645980c9d09f) Importer(815301076,1909f56bfc062723c751e8b465ee728b)  -> (artifact id: 'd2781f84c08ba11d2bfa245e34779b96') in 0.018506 seconds 
========================================================================
Received Import Request.
  Time since last request: 0.000024 seconds.
  path: Assets/User Interface/Icons/icon_theme14_92.png
  artifactKey: Guid(aa06c12d8c0b3473fa06334cb0ce16e8) Importer(815301076,1909f56bfc062723c751e8b465ee728b)
Start importing Assets/User Interface/Icons/icon_theme14_92.png using Guid(aa06c12d8c0b3473fa06334cb0ce16e8) Importer(815301076,1909f56bfc062723c751e8b465ee728b)  -> (artifact id: '8ac065b8769d0cd254f13a07f137672d') in 0.018778 seconds 
========================================================================
Received Import Request.
  Time since last request: 0.000034 seconds.
  path: Assets/User Interface/Icons/icon_theme14_139.png
  artifactKey: Guid(d811822be215240179434a9c33b6acc6) Importer(815301076,1909f56bfc062723c751e8b465ee728b)
Start importing Assets/User Interface/Icons/icon_theme14_139.png using Guid(d811822be215240179434a9c33b6acc6) Importer(815301076,1909f56bfc062723c751e8b465ee728b)  -> (artifact id: '4d444ae4edc062992ab4d9e680c4c9b2') in 0.108210 seconds 
========================================================================
Received Import Request.
  Time since last request: 0.000034 seconds.
  path: Assets/User Interface/Icons/icon_theme14_117.png
  artifactKey: Guid(191a6dbd835864120bde0cc930486d52) Importer(815301076,1909f56bfc062723c751e8b465ee728b)
Start importing Assets/User Interface/Icons/icon_theme14_117.png using Guid(191a6dbd835864120bde0cc930486d52) Importer(815301076,1909f56bfc062723c751e8b465ee728b)  -> (artifact id: '3269b17c2e60c4e97707107ebd6d8f69') in 0.030738 seconds 
========================================================================
Received Import Request.
  Time since last request: 0.000026 seconds.
  path: Assets/User Interface/Icons/icon_theme14_142.png
  artifactKey: Guid(ad7a60401dfab4cf3b4a1fd269f61977) Importer(815301076,1909f56bfc062723c751e8b465ee728b)
Start importing Assets/User Interface/Icons/icon_theme14_142.png using Guid(ad7a60401dfab4cf3b4a1fd269f61977) Importer(815301076,1909f56bfc062723c751e8b465ee728b)  -> (artifact id: '77a29b296f0952bafd05cdc676be6997') in 0.030300 seconds 
========================================================================
Received Import Request.
  Time since last request: 0.000028 seconds.
  path: Assets/User Interface/Icons/icon_theme14_56.png
  artifactKey: Guid(276e709a8e13b4c8e89d43135ea67bf7) Importer(815301076,1909f56bfc062723c751e8b465ee728b)
Start importing Assets/User Interface/Icons/icon_theme14_56.png using Guid(276e709a8e13b4c8e89d43135ea67bf7) Importer(815301076,1909f56bfc062723c751e8b465ee728b)  -> (artifact id: '75414abd46c53639760a40b8c7b0f13e') in 0.034982 seconds 
========================================================================
Received Import Request.
  Time since last request: 0.000031 seconds.
  path: Assets/User Interface/Icons/icon_theme14_53.png
  artifactKey: Guid(c86a37d00207046aea4c03e3586b7fb2) Importer(815301076,1909f56bfc062723c751e8b465ee728b)
Start importing Assets/User Interface/Icons/icon_theme14_53.png using Guid(c86a37d00207046aea4c03e3586b7fb2) Importer(815301076,1909f56bfc062723c751e8b465ee728b)  -> (artifact id: 'cb0b2f273b63604592a346c63a764d60') in 0.031895 seconds 
========================================================================
Received Import Request.
  Time since last request: 0.000027 seconds.
  path: Assets/User Interface/Icons/icon_theme14_32.png
  artifactKey: Guid(54e1091ea26f0441bbe64db4ab7aa627) Importer(815301076,1909f56bfc062723c751e8b465ee728b)
Start importing Assets/User Interface/Icons/icon_theme14_32.png using Guid(54e1091ea26f0441bbe64db4ab7aa627) Importer(815301076,1909f56bfc062723c751e8b465ee728b)  -> (artifact id: 'ddc1fdbdfdae35b7765c7c19836a5e89') in 0.026568 seconds 
========================================================================
Received Import Request.
  Time since last request: 0.000029 seconds.
  path: Assets/User Interface/AuthenticationButtons/createaccount_normal.png
  artifactKey: Guid(c3e6ee9a352a23c418a5248143b35ca3) Importer(815301076,1909f56bfc062723c751e8b465ee728b)
Start importing Assets/User Interface/AuthenticationButtons/createaccount_normal.png using Guid(c3e6ee9a352a23c418a5248143b35ca3) Importer(815301076,1909f56bfc062723c751e8b465ee728b)  -> (artifact id: 'addc120ccdc856050573df4079c491ce') in 0.022738 seconds 
========================================================================
Received Import Request.
  Time since last request: 0.000018 seconds.
  path: Assets/User Interface/Icons/icon_theme14_104.png
  artifactKey: Guid(bfb2cfc611c314c3785744cab2010857) Importer(815301076,1909f56bfc062723c751e8b465ee728b)
Start importing Assets/User Interface/Icons/icon_theme14_104.png using Guid(bfb2cfc611c314c3785744cab2010857) Importer(815301076,1909f56bfc062723c751e8b465ee728b)  -> (artifact id: '80d8074161135be6a1abcc84f90d5882') in 0.025009 seconds 
========================================================================
Received Import Request.
  Time since last request: 0.000025 seconds.
  path: Assets/User Interface/Icons/icon_theme14_145.png
  artifactKey: Guid(f512c05d1190e471cb846caadd81035f) Importer(815301076,1909f56bfc062723c751e8b465ee728b)
Start importing Assets/User Interface/Icons/icon_theme14_145.png using Guid(f512c05d1190e471cb846caadd81035f) Importer(815301076,1909f56bfc062723c751e8b465ee728b)  -> (artifact id: '99907047d5d0999371786e1e8d435e98') in 0.024602 seconds 
========================================================================
Received Import Request.
  Time since last request: 0.000036 seconds.
  path: Assets/User Interface/Icons/icon_theme14_120.png
  artifactKey: Guid(127f78fb0c36843dfa4a3420d9b3e5b6) Importer(815301076,1909f56bfc062723c751e8b465ee728b)
Start importing Assets/User Interface/Icons/icon_theme14_120.png using Guid(127f78fb0c36843dfa4a3420d9b3e5b6) Importer(815301076,1909f56bfc062723c751e8b465ee728b)  -> (artifact id: 'a6a80da3f52c110e0749ccee5cc40f58') in 0.025768 seconds 
========================================================================
Received Import Request.
  Time since last request: 0.000023 seconds.
  path: Assets/User Interface/Icons/icon_theme14_43.png
  artifactKey: Guid(be2facb1befc645e994bd9d288694ea3) Importer(815301076,1909f56bfc062723c751e8b465ee728b)
Start importing Assets/User Interface/Icons/icon_theme14_43.png using Guid(be2facb1befc645e994bd9d288694ea3) Importer(815301076,1909f56bfc062723c751e8b465ee728b)  -> (artifact id: '78d454c947be7964a678981cca590bed') in 0.026908 seconds 
========================================================================
Received Import Request.
  Time since last request: 0.000035 seconds.
  path: Assets/User Interface/Icons/icon_theme14_128.png
  artifactKey: Guid(07ad2728cf1a747428f78d271a293844) Importer(815301076,1909f56bfc062723c751e8b465ee728b)
Start importing Assets/User Interface/Icons/icon_theme14_128.png using Guid(07ad2728cf1a747428f78d271a293844) Importer(815301076,1909f56bfc062723c751e8b465ee728b)  -> (artifact id: 'faa5517fb64ec4b6767f5bb055fed86c') in 0.026383 seconds 
========================================================================
Received Import Request.
  Time since last request: 0.000027 seconds.
  path: Assets/User Interface/Icons/icon_theme14_82.png
  artifactKey: Guid(61ea4b7119f0c4a47ac947bb878bef95) Importer(815301076,1909f56bfc062723c751e8b465ee728b)
Start importing Assets/User Interface/Icons/icon_theme14_82.png using Guid(61ea4b7119f0c4a47ac947bb878bef95) Importer(815301076,1909f56bfc062723c751e8b465ee728b)  -> (artifact id: '12f2bd9b4798eb8b90689bf8b7881e29') in 0.023513 seconds 
========================================================================
Received Import Request.
  Time since last request: 0.000025 seconds.
  path: Assets/User Interface/Icons/icon_theme14_87.png
  artifactKey: Guid(1ef54f1dc7ba34cb39a06eaf0a63cc6a) Importer(815301076,1909f56bfc062723c751e8b465ee728b)
Start importing Assets/User Interface/Icons/icon_theme14_87.png using Guid(1ef54f1dc7ba34cb39a06eaf0a63cc6a) Importer(815301076,1909f56bfc062723c751e8b465ee728b)  -> (artifact id: '1418b786b114543117d695b5cae7bf20') in 0.021802 seconds 
========================================================================
Received Import Request.
  Time since last request: 0.000030 seconds.
  path: Assets/User Interface/Icons/icon_theme14_69.png
  artifactKey: Guid(a3ad97eca161e45cebcadb83edfe8125) Importer(815301076,1909f56bfc062723c751e8b465ee728b)
Start importing Assets/User Interface/Icons/icon_theme14_69.png using Guid(a3ad97eca161e45cebcadb83edfe8125) Importer(815301076,1909f56bfc062723c751e8b465ee728b)  -> (artifact id: '3d5d1652200b868031cb3246f532c19a') in 0.024313 seconds 
========================================================================
Received Import Request.
  Time since last request: 0.000020 seconds.
  path: Assets/User Interface/profile-field.png
  artifactKey: Guid(779364618d8cdb149b2e0b178d706ccd) Importer(815301076,1909f56bfc062723c751e8b465ee728b)
Start importing Assets/User Interface/profile-field.png using Guid(779364618d8cdb149b2e0b178d706ccd) Importer(815301076,1909f56bfc062723c751e8b465ee728b)  -> (artifact id: 'b0876f79f4240283011ded715955b2f3') in 0.031401 seconds 
========================================================================
Received Import Request.
  Time since last request: 0.000035 seconds.
  path: Assets/User Interface/Icons/icon_theme14_68.png
  artifactKey: Guid(d6b71cf9ab0b549c5a01c00a2846fddd) Importer(815301076,1909f56bfc062723c751e8b465ee728b)
Start importing Assets/User Interface/Icons/icon_theme14_68.png using Guid(d6b71cf9ab0b549c5a01c00a2846fddd) Importer(815301076,1909f56bfc062723c751e8b465ee728b)  -> (artifact id: 'ff33093277fe426b9ddacc954132a8a7') in 0.022025 seconds 
========================================================================
Received Import Request.
  Time since last request: 0.000036 seconds.
  path: Assets/User Interface/Icons/icon_theme14_88.png
  artifactKey: Guid(bb4c9a967d60f4c059ddc9b592acfb93) Importer(815301076,1909f56bfc062723c751e8b465ee728b)
Start importing Assets/User Interface/Icons/icon_theme14_88.png using Guid(bb4c9a967d60f4c059ddc9b592acfb93) Importer(815301076,1909f56bfc062723c751e8b465ee728b)  -> (artifact id: '6623f08f933108464821e95c4011296b') in 0.022160 seconds 
========================================================================
Received Import Request.
  Time since last request: 0.000121 seconds.
  path: Assets/User Interface/Icons/show_password.png
  artifactKey: Guid(0a251719d917b9b4f947e193ae11f1fa) Importer(815301076,1909f56bfc062723c751e8b465ee728b)
Start importing Assets/User Interface/Icons/show_password.png using Guid(0a251719d917b9b4f947e193ae11f1fa) Importer(815301076,1909f56bfc062723c751e8b465ee728b)  -> (artifact id: '644820e491c6fd06038b28a460577af9') in 0.248866 seconds 
Editor requested this worker to shutdown with reason: Scaling down because of idle timeout
AssetImportWorker is now disconnected from the server
Process exiting
Exiting without the bug reporter. Application will terminate with return code 0