Using pre-set license
Built from '2021.2/staging' branch; Version is '2021.2.2f1 (5e2b1e92c7f8) revision 6171422'; Using compiler version '192829333'; Build Type 'Release'
OS: 'Windows 10 Pro; OS build 22000.376; Version 2009; 64bit' Language: 'en' Physical Memory: 32718 MB
BatchMode: 1, IsHumanControllingUs: 0, StartBugReporterOnCrash: 0, Is64bit: 1, IsPro: 0

COMMAND LINE ARGUMENTS:
C:\Program Files\Unity\Hub\Editor\2021.2.2f1\Editor\Unity.exe
-adb2
-batchMode
-noUpm
-name
AssetImportWorker2
-projectPath
C:/Users/alanw/Documents/GitHub/GES_App
-logFile
Logs/AssetImportWorker2.log
-srvPort
56421
Successfully changed project path to: C:/Users/alanw/Documents/GitHub/GES_App
C:/Users/alanw/Documents/GitHub/GES_App
[UnityMemory] Configuration Parameters - Can be set up in boot.config
    "memorysetup-bucket-allocator-granularity=16"
    "memorysetup-bucket-allocator-bucket-count=8"
    "memorysetup-bucket-allocator-block-size=33554432"
    "memorysetup-bucket-allocator-block-count=8"
    "memorysetup-main-allocator-block-size=16777216"
    "memorysetup-thread-allocator-block-size=16777216"
    "memorysetup-gfx-main-allocator-block-size=16777216"
    "memorysetup-gfx-thread-allocator-block-size=16777216"
    "memorysetup-cache-allocator-block-size=4194304"
    "memorysetup-typetree-allocator-block-size=2097152"
    "memorysetup-profiler-bucket-allocator-granularity=16"
    "memorysetup-profiler-bucket-allocator-bucket-count=8"
    "memorysetup-profiler-bucket-allocator-block-size=33554432"
    "memorysetup-profiler-bucket-allocator-block-count=8"
    "memorysetup-profiler-allocator-block-size=16777216"
    "memorysetup-profiler-editor-allocator-block-size=1048576"
    "memorysetup-temp-allocator-size-main=16777216"
    "memorysetup-job-temp-allocator-block-size=2097152"
    "memorysetup-job-temp-allocator-block-size-background=1048576"
    "memorysetup-job-temp-allocator-reduction-small-platforms=262144"
    "memorysetup-temp-allocator-size-background-worker=32768"
    "memorysetup-temp-allocator-size-job-worker=262144"
    "memorysetup-temp-allocator-size-preload-manager=33554432"
    "memorysetup-temp-allocator-size-nav-mesh-worker=65536"
    "memorysetup-temp-allocator-size-audio-worker=65536"
    "memorysetup-temp-allocator-size-cloud-worker=32768"
    "memorysetup-temp-allocator-size-gi-baking-worker=262144"
    "memorysetup-temp-allocator-size-gfx=262144"
Refreshing native plugins compatible for Editor in 98.64 ms, found 8 plugins.
Preloading 0 native plugins for Editor in 0.00 ms.
Initialize engine version: 2021.2.2f1 (5e2b1e92c7f8)
[Subsystems] Discovering subsystems at path C:/Program Files/Unity/Hub/Editor/2021.2.2f1/Editor/Data/Resources/UnitySubsystems
[Subsystems] Discovering subsystems at path C:/Users/alanw/Documents/GitHub/GES_App/Assets
GfxDevice: creating device client; threaded=0; jobified=0
Direct3D:
    Version:  Direct3D 11.0 [level 11.1]
    Renderer: NVIDIA GeForce GTX 1070 (ID=0x1b81)
    Vendor:   NVIDIA
    VRAM:     8088 MB
    Driver:   30.0.14.9729
Initialize mono
Mono path[0] = 'C:/Program Files/Unity/Hub/Editor/2021.2.2f1/Editor/Data/Managed'
Mono path[1] = 'C:/Program Files/Unity/Hub/Editor/2021.2.2f1/Editor/Data/MonoBleedingEdge/lib/mono/unityjit-win32'
Mono config path = 'C:/Program Files/Unity/Hub/Editor/2021.2.2f1/Editor/Data/MonoBleedingEdge/etc'
Using monoOptions --debugger-agent=transport=dt_socket,embedding=1,server=y,suspend=n,address=127.0.0.1:56676
Begin MonoManager ReloadAssembly
Registering precompiled unity dll's ...
Register platform support module: C:/Program Files/Unity/Hub/Editor/2021.2.2f1/Editor/Data/PlaybackEngines/WebGLSupport/UnityEditor.WebGL.Extensions.dll
Register platform support module: C:/Program Files/Unity/Hub/Editor/2021.2.2f1/Editor/Data/PlaybackEngines/WindowsStandaloneSupport/UnityEditor.WindowsStandalone.Extensions.dll
Registered in 0.005273 seconds.
Native extension for WindowsStandalone target not found
Native extension for WebGL target not found
Refreshing native plugins compatible for Editor in 83.77 ms, found 8 plugins.
Preloading 0 native plugins for Editor in 0.00 ms.
Mono: successfully reloaded assembly
- Completed reload, in  0.823 seconds
Domain Reload Profiling:
	ReloadAssembly (823ms)
		BeginReloadAssembly (103ms)
			ExecutionOrderSort (0ms)
			DisableScriptedObjects (0ms)
			BackupInstance (0ms)
			ReleaseScriptingObjects (0ms)
			CreateAndSetChildDomain (1ms)
		EndReloadAssembly (570ms)
			LoadAssemblies (101ms)
			RebuildTransferFunctionScriptingTraits (0ms)
			SetupTypeCache (245ms)
			ReleaseScriptCaches (0ms)
			RebuildScriptCaches (22ms)
			SetupLoadedEditorAssemblies (258ms)
				LogAssemblyErrors (0ms)
				InitializePlatformSupportModulesInManaged (13ms)
				SetLoadedEditorAssemblies (0ms)
				RefreshPlugins (84ms)
				BeforeProcessingInitializeOnLoad (1ms)
				ProcessInitializeOnLoadAttributes (116ms)
				ProcessInitializeOnLoadMethodAttributes (44ms)
				AfterProcessingInitializeOnLoad (0ms)
				EditorAssembliesLoaded (0ms)
			ExecutionOrderSort2 (0ms)
			AwakeInstancesAfterBackupRestoration (0ms)
Platform modules already initialized, skipping
Registering precompiled user dll's ...
Registered in 0.013762 seconds.
Begin MonoManager ReloadAssembly
Symbol file LoadedFromMemory doesn't match image C:\Users\alanw\Documents\GitHub\GES_App\Library\PackageCache\com.unity.visualscripting@1.7.5\Editor\VisualScripting.Core\Dependencies\DotNetZip\Unity.VisualScripting.IonicZip.dll
Symbol file LoadedFromMemory doesn't match image C:\Users\alanw\Documents\GitHub\GES_App\Library\PackageCache\com.unity.visualscripting@1.7.5\Editor\VisualScripting.Core\Dependencies\YamlDotNet\Unity.VisualScripting.YamlDotNet.dll
Native extension for WindowsStandalone target not found
Native extension for WebGL target not found
Refreshing native plugins compatible for Editor in 87.34 ms, found 8 plugins.
Preloading 0 native plugins for Editor in 0.00 ms.
Mono: successfully reloaded assembly
- Completed reload, in  1.991 seconds
Domain Reload Profiling:
	ReloadAssembly (1991ms)
		BeginReloadAssembly (144ms)
			ExecutionOrderSort (0ms)
			DisableScriptedObjects (5ms)
			BackupInstance (0ms)
			ReleaseScriptingObjects (0ms)
			CreateAndSetChildDomain (19ms)
		EndReloadAssembly (1760ms)
			LoadAssemblies (64ms)
			RebuildTransferFunctionScriptingTraits (0ms)
			SetupTypeCache (369ms)
			ReleaseScriptCaches (1ms)
			RebuildScriptCaches (48ms)
			SetupLoadedEditorAssemblies (1178ms)
				LogAssemblyErrors (0ms)
				InitializePlatformSupportModulesInManaged (10ms)
				SetLoadedEditorAssemblies (0ms)
				RefreshPlugins (87ms)
				BeforeProcessingInitializeOnLoad (80ms)
				ProcessInitializeOnLoadAttributes (969ms)
				ProcessInitializeOnLoadMethodAttributes (25ms)
				AfterProcessingInitializeOnLoad (6ms)
				EditorAssembliesLoaded (0ms)
			ExecutionOrderSort2 (0ms)
			AwakeInstancesAfterBackupRestoration (5ms)
Platform modules already initialized, skipping
========================================================================
Worker process is ready to serve import requests
Launched and connected shader compiler UnityShaderCompiler.exe after 0.10 seconds
Refreshing native plugins compatible for Editor in 1.62 ms, found 8 plugins.
Preloading 0 native plugins for Editor in 0.00 ms.
Unloading 4004 Unused Serialized files (Serialized files now loaded: 0)
Unloading 128 unused Assets / (58.9 KB). Loaded Objects now: 4381.
Memory consumption went from 154.8 MB to 154.7 MB.
Total: 4.959000 ms (FindLiveObjects: 0.664200 ms CreateObjectMapping: 0.160900 ms MarkObjects: 4.010300 ms  DeleteObjects: 0.122300 ms)

AssetImportParameters requested are different than current active one (requested -> active):
  custom:video-decoder-ogg-theora: a1e56fd34408186e4bbccfd4996cb3dc -> 
  custom:container-muxer-webm: aa71ff27fc2769a1b78a27578f13a17b -> 
  custom:container-demuxer-webm: 4f35f7cbe854078d1ac9338744f61a02 -> 
  custom:video-encoder-webm-vp8: eb34c28f22e8b96e1ab97ce403110664 -> 
  custom:audio-encoder-webm-vorbis: bf7c407c2cedff20999df2af8eb42d56 -> 
  custom:framework-win-MediaFoundation: 216162199b28c13a410421893ffa2e32 -> 
  custom:container-demuxer-ogg: 62fdf1f143b41e24485cea50d1cbac27 -> 
  custom:video-decoder-webm-vp8: 9c59270c3fd7afecdb556c50c9e8de78 -> 
  custom:audio-decoder-ogg-vorbis: bf7c407c2cedff20999df2af8eb42d56 -> 
========================================================================
Received Import Request.
  Time since last request: 411230.415186 seconds.
  path: Assets/User Interface/Icons/icon_theme14_28.png
  artifactKey: Guid(6b21d0e6611024da6825c3da89c94f45) Importer(815301076,1909f56bfc062723c751e8b465ee728b)
Start importing Assets/User Interface/Icons/icon_theme14_28.png using Guid(6b21d0e6611024da6825c3da89c94f45) Importer(815301076,1909f56bfc062723c751e8b465ee728b)  -> (artifact id: 'f0e3a5a4d30f59c03fe6085abe45cdcc') in 0.125829 seconds 
========================================================================
Received Import Request.
  Time since last request: 0.000032 seconds.
  path: Assets/User Interface/Icons/icon_theme14_48.png
  artifactKey: Guid(df72cc8a5a1114a978083d55f8aa9af6) Importer(815301076,1909f56bfc062723c751e8b465ee728b)
Start importing Assets/User Interface/Icons/icon_theme14_48.png using Guid(df72cc8a5a1114a978083d55f8aa9af6) Importer(815301076,1909f56bfc062723c751e8b465ee728b)  -> (artifact id: '4d8765054e5d1b97f2f2a9dabdbf5708') in 0.025695 seconds 
========================================================================
Received Import Request.
  Time since last request: 0.000027 seconds.
  path: Assets/User Interface/Icons/icon_theme14_55.png
  artifactKey: Guid(c26f05787040943969214d438c0f7103) Importer(815301076,1909f56bfc062723c751e8b465ee728b)
Start importing Assets/User Interface/Icons/icon_theme14_55.png using Guid(c26f05787040943969214d438c0f7103) Importer(815301076,1909f56bfc062723c751e8b465ee728b)  -> (artifact id: '5615b90d375ab755fbd866fea0f4a9bb') in 0.025524 seconds 
========================================================================
Received Import Request.
  Time since last request: 0.000024 seconds.
  path: Assets/User Interface/Icons/icon_theme14_20.png
  artifactKey: Guid(3657b91d571c743aba4361ed60246638) Importer(815301076,1909f56bfc062723c751e8b465ee728b)
Start importing Assets/User Interface/Icons/icon_theme14_20.png using Guid(3657b91d571c743aba4361ed60246638) Importer(815301076,1909f56bfc062723c751e8b465ee728b)  -> (artifact id: 'b9b4ab7757557a8318fa49dd686ee9da') in 0.027140 seconds 
========================================================================
Received Import Request.
  Time since last request: 0.000032 seconds.
  path: Assets/User Interface/Icons/icon_theme14_64.png
  artifactKey: Guid(e2b2c8e72661f4024a70231a3d072723) Importer(815301076,1909f56bfc062723c751e8b465ee728b)
Start importing Assets/User Interface/Icons/icon_theme14_64.png using Guid(e2b2c8e72661f4024a70231a3d072723) Importer(815301076,1909f56bfc062723c751e8b465ee728b)  -> (artifact id: 'b1d26e9798d91a0d67040f0b0544a312') in 0.026625 seconds 
========================================================================
Received Import Request.
  Time since last request: 0.000029 seconds.
  path: Assets/User Interface/Icons/icon_theme14_44.png
  artifactKey: Guid(6fd22b1c183734dccac0a298ebc0eece) Importer(815301076,1909f56bfc062723c751e8b465ee728b)
Start importing Assets/User Interface/Icons/icon_theme14_44.png using Guid(6fd22b1c183734dccac0a298ebc0eece) Importer(815301076,1909f56bfc062723c751e8b465ee728b)  -> (artifact id: '324c4353d2aed9fe90d172af71a8bf09') in 0.022461 seconds 
========================================================================
Received Import Request.
  Time since last request: 0.521168 seconds.
  path: Assets/User Interface/Icons/circle.png
  artifactKey: Guid(030e4d39425631a43a52a779f08c736f) Importer(815301076,1909f56bfc062723c751e8b465ee728b)
Start importing Assets/User Interface/Icons/circle.png using Guid(030e4d39425631a43a52a779f08c736f) Importer(815301076,1909f56bfc062723c751e8b465ee728b)  -> (artifact id: 'b44b52b009d14c37833df7386cbfb1d1') in 0.094853 seconds 
========================================================================
Received Import Request.
  Time since last request: 0.000031 seconds.
  path: Assets/User Interface/Icons/icon_theme14_12.png
  artifactKey: Guid(4881e007ff54b4cea8564feff42bac72) Importer(815301076,1909f56bfc062723c751e8b465ee728b)
Start importing Assets/User Interface/Icons/icon_theme14_12.png using Guid(4881e007ff54b4cea8564feff42bac72) Importer(815301076,1909f56bfc062723c751e8b465ee728b)  -> (artifact id: 'e99b55c518c3dbbdeff199f4ad9c232f') in 0.026043 seconds 
========================================================================
Received Import Request.
  Time since last request: 0.000026 seconds.
  path: Assets/User Interface/Icons/icon_theme14_11.png
  artifactKey: Guid(671d9b58051c14d809b447763c68f1e9) Importer(815301076,1909f56bfc062723c751e8b465ee728b)
Start importing Assets/User Interface/Icons/icon_theme14_11.png using Guid(671d9b58051c14d809b447763c68f1e9) Importer(815301076,1909f56bfc062723c751e8b465ee728b)  -> (artifact id: '62758279ee4707b86cceb730a8c4698d') in 0.020259 seconds 
Editor requested this worker to shutdown with reason: Scaling down because of idle timeout
AssetImportWorker is now disconnected from the server
Process exiting
Exiting without the bug reporter. Application will terminate with return code 0